<?xml version="1.0" encoding="UTF-8"?>
<coverage generated="1675147925259" clover="3.2.0">
  <project timestamp="1675147925259" name="All files">
    <metrics statements="8" coveredstatements="5" conditionals="4" coveredconditionals="2" methods="5" coveredmethods="1" elements="17" coveredelements="8" complexity="0" loc="8" ncloc="8" packages="1" files="1" classes="1"/>
    <file name="Box.tsx" path="/Volumes/source/archguard/codedb-poc/codedb-ui/src/components/threejs/Box.tsx">
      <metrics statements="8" coveredstatements="5" conditionals="4" coveredconditionals="2" methods="5" coveredmethods="1"/>
      <line num="6" count="1" type="stmt"/>
      <line num="8" count="1" type="stmt"/>
      <line num="9" count="1" type="stmt"/>
      <line num="11" count="1" type="stmt"/>
      <line num="13" count="1" type="stmt"/>
      <line num="18" count="0" type="stmt"/>
      <line num="19" count="0" type="stmt"/>
      <line num="20" count="0" type="stmt"/>
    </file>
  </project>
</coverage>
